==6858== Memcheck, a memory error detector
==6858== Copyright (C) 2002-2017, and GNU GPL'd, by Julian Seward et al.
==6858== Using Valgrind-3.16.1 and LibVEX; rerun with -h for copyright info
==6858== Command: ./shado shado.c
==6858== Parent PID: 6857
==6858== 
==6858== 
==6858== HEAP SUMMARY:
==6858==     in use at exit: 2,371 bytes in 71 blocks
==6858==   total heap usage: 197 allocs, 126 frees, 64,003 bytes allocated
==6858== 
==6858== 1,120 bytes in 1 blocks are still reachable in loss record 1 of 2
==6858==    at 0x483AD7B: realloc (in /usr/lib/valgrind/vgpreload_memcheck-amd64-linux.so)
==6858==    by 0x1097D2: insert_row (shado.c:179)
==6858==    by 0x109AE4: open_file (shado.c:215)
==6858==    by 0x109C62: main (shado.c:247)
==6858== 
==6858== 1,251 bytes in 70 blocks are still reachable in loss record 2 of 2
==6858==    at 0x483877F: malloc (in /usr/lib/valgrind/vgpreload_memcheck-amd64-linux.so)
==6858==    by 0x109909: insert_row (shado.c:186)
==6858==    by 0x109AE4: open_file (shado.c:215)
==6858==    by 0x109C62: main (shado.c:247)
==6858== 
==6858== LEAK SUMMARY:
==6858==    definitely lost: 0 bytes in 0 blocks
==6858==    indirectly lost: 0 bytes in 0 blocks
==6858==      possibly lost: 0 bytes in 0 blocks
==6858==    still reachable: 2,371 bytes in 71 blocks
==6858==         suppressed: 0 bytes in 0 blocks
==6858== 
==6858== ERROR SUMMARY: 0 errors from 0 contexts (suppressed: 0 from 0)
